file:///root/Documents/election/contracts/Election.sol
file:///root/Documents/election/contracts/Election.sol
[Error - 11:35:39 AM] solium error: SyntaxError: An error occured while parsing the source code: Expected "[", "constant", "internal", "private", "public", comment, end of line, identifier, or whitespace but "}" found. Line: 21, Column: 1
file:///root/Documents/election/contracts/Election.sol
[Error - 11:35:40 AM] solium error: SyntaxError: An error occured while parsing the source code: Expected "(", comment, end of line, identifier, or whitespace but "}" found. Line: 21, Column: 1
file:///root/Documents/election/contracts/Election.sol
[Error - 11:35:44 AM] solium error: SyntaxError: An error occured while parsing the source code: Expected "(", comment, end of line, or whitespace but "}" found. Line: 21, Column: 1
file:///root/Documents/election/contracts/Election.sol
[Error - 11:35:46 AM] solium error: SyntaxError: An error occured while parsing the source code: Expected ";", "[", "constant", "external", "internal", "payable", "private", "public", "pure", "returns", "view", "{", comment, end of line, identifier, or whitespace but "}" found. Line: 21, Column: 1
file:///root/Documents/election/contracts/Election.sol
[Error - 11:35:49 AM] solium error: SyntaxError: An error occured while parsing the source code: Expected ";", "[", "constant", "external", "internal", "payable", "private", "public", "pure", "returns", "view", "{", comment, end of line, identifier, or whitespace but "}" found. Line: 21, Column: 1
file:///root/Documents/election/contracts/Election.sol
[Error - 11:35:51 AM] solium error: SyntaxError: An error occured while parsing the source code: Expected ";", "[", "constant", "external", "internal", "payable", "private", "public", "pure", "returns", "view", "{", comment, end of line, identifier, or whitespace but "}" found. Line: 21, Column: 1
file:///root/Documents/election/contracts/Election.sol
[Error - 11:35:52 AM] solium error: SyntaxError: An error occured while parsing the source code: Expected ";", "[", "constant", "external", "internal", "payable", "private", "public", "pure", "returns", "view", "{", comment, end of line, identifier, or whitespace but "}" found. Line: 21, Column: 1
file:///root/Documents/election/contracts/Election.sol
[Error - 11:35:57 AM] solium error: SyntaxError: An error occured while parsing the source code: Expected "(", ";", "=", "{", comment, end of line, identifier, or whitespace but "}" found. Line: 21, Column: 1
file:///root/Documents/election/contracts/Election.sol
[Error - 11:35:59 AM] solium error: SyntaxError: An error occured while parsing the source code: Expected "(", ";", "constant", "{", comment, end of line, identifier, or whitespace but "}" found. Line: 21, Column: 1
file:///root/Documents/election/contracts/Election.sol
file:///root/Documents/election/contracts/Election.sol
file:///root/Documents/election/contracts/Election.sol
file:///root/Documents/election/contracts/Election.sol
file:///root/Documents/election/contracts/Election.sol
file:///root/Documents/election/contracts/Election.sol
file:///root/Documents/election/contracts/Election.sol
file:///root/Documents/election/contracts/Election.sol
file:///root/Documents/election/contracts/Election.sol
file:///root/Documents/election/contracts/Election.sol
file:///root/Documents/election/contracts/Election.sol
file:///root/Documents/election/contracts/Election.sol
file:///root/Documents/election/contracts/Election.sol
file:///root/Documents/election/contracts/Election.sol
file:///root/Documents/election/contracts/Election.sol
file:///root/Documents/election/contracts/Election.sol
file:///root/Documents/election/contracts/Election.sol
file:///root/Documents/election/contracts/Election.sol
file:///root/Documents/election/contracts/Election.sol
file:///root/Documents/election/contracts/Election.sol
file:///root/Documents/election/contracts/Election.sol
file:///root/Documents/election/contracts/Election.sol
file:///root/Documents/election/contracts/Election.sol
file:///root/Documents/election/contracts/Election.sol
file:///root/Documents/election/contracts/Election.sol
file:///root/Documents/election/contracts/Election.sol
file:///root/Documents/election/contracts/Election.sol
file:///root/Documents/election/contracts/Election.sol
[Error - 11:38:08 AM] solium error: SyntaxError: An error occured while parsing the source code: Expected "!=", "%", "%=", "&", "&&", "&=", "(", "*", "*=", "+", "+=", ",", "-", "-=", ".", "/", "/=", ";", "<", "<<", "<<=", "<=", "=", "==", ">", ">=", ">>", ">>=", ">>>", "?", "[", "^", "^=", "calldata", "memory", "storage", "|", "|=", "||", comment, end of line, identifier, or whitespace but "}" found. Line: 26, Column: 1
file:///root/Documents/election/contracts/Election.sol
[Error - 11:38:12 AM] solium error: SyntaxError: An error occured while parsing the source code: Expected "!=", "%", "%=", "&", "&&", "&=", "(", "*", "*=", "+", "+=", ",", "-", "-=", ".", "/", "/=", ";", "<", "<<", "<<=", "<=", "=", "==", ">", ">=", ">>", ">>=", ">>>", "?", "[", "^", "^=", "calldata", "memory", "storage", "|", "|=", "||", comment, end of line, identifier, or whitespace but "}" found. Line: 26, Column: 1
file:///root/Documents/election/contracts/Election.sol
[Error - 11:38:15 AM] solium error: SyntaxError: An error occured while parsing the source code: Expected "!=", "%", "%=", "&", "&&", "&=", "(", "*", "*=", "+", "+=", ",", "-", "-=", ".", "/", "/=", ";", "<", "<<", "<<=", "<=", "=", "==", ">", ">=", ">>", ">>=", ">>>", "?", "[", "^", "^=", "calldata", "memory", "storage", "|", "|=", "||", comment, end of line, identifier, or whitespace but "}" found. Line: 26, Column: 1
file:///root/Documents/election/contracts/Election.sol
[Error - 11:38:19 AM] solium error: SyntaxError: An error occured while parsing the source code: Expected "!=", "%", "%=", "&", "&&", "&=", "(", "*", "*=", "+", "+=", ",", "-", "-=", ".", "/", "/=", ";", "<", "<<", "<<=", "<=", "=", "==", ">", ">=", ">>", ">>=", ">>>", "?", "[", "^", "^=", "calldata", "memory", "storage", "|", "|=", "||", comment, end of line, identifier, or whitespace but "}" found. Line: 26, Column: 1
file:///root/Documents/election/contracts/Election.sol
[Error - 11:38:20 AM] solium error: SyntaxError: An error occured while parsing the source code: Expected "!=", "%", "%=", "&", "&&", "&=", "(", "*", "*=", "+", "+=", ",", "-", "-=", ".", "/", "/=", ";", "<", "<<", "<<=", "<=", "=", "==", ">", ">=", ">>", ">>=", ">>>", "?", "[", "^", "^=", "calldata", "memory", "storage", "|", "|=", "||", comment, end of line, identifier, or whitespace but "}" found. Line: 26, Column: 1
file:///root/Documents/election/contracts/Election.sol
[Error - 11:38:29 AM] solium error: SyntaxError: An error occured while parsing the source code: Expected "!=", "%", "%=", "&", "&&", "&=", "(", "*", "*=", "+", "+=", ",", "-", "-=", ".", "/", "/=", ";", "<", "<<", "<<=", "<=", "=", "==", ">", ">=", ">>", ">>=", ">>>", "?", "[", "^", "^=", "calldata", "memory", "storage", "|", "|=", "||", comment, end of line, identifier, or whitespace but "}" found. Line: 26, Column: 1
file:///root/Documents/election/contracts/Election.sol
[Error - 11:38:34 AM] solium error: SyntaxError: An error occured while parsing the source code: Expected "!=", "%", "%=", "&", "&&", "&=", "(", "*", "*=", "+", "+=", ",", "-", "-=", ".", "/", "/=", ";", "<", "<<", "<<=", "<=", "=", "==", ">", ">=", ">>", ">>=", ">>>", "?", "[", "^", "^=", "calldata", "memory", "storage", "|", "|=", "||", comment, end of line, identifier, or whitespace but "}" found. Line: 26, Column: 1
file:///root/Documents/election/contracts/Election.sol
[Error - 11:38:37 AM] solium error: SyntaxError: An error occured while parsing the source code: Expected "!=", "%", "%=", "&", "&&", "&=", "(", "*", "*=", "+", "+=", ",", "-", "-=", ".", "/", "/=", ";", "<", "<<", "<<=", "<=", "=", "==", ">", ">=", ">>", ">>=", ">>>", "?", "[", "^", "^=", "calldata", "memory", "storage", "|", "|=", "||", comment, end of line, identifier, or whitespace but "}" found. Line: 26, Column: 1
file:///root/Documents/election/contracts/Election.sol
[Error - 11:38:40 AM] solium error: SyntaxError: An error occured while parsing the source code: Expected "!", "!=", "(", "+", "++", "-", "--", "<", "<=", "==", ">", ">=", "[", "^", "address", "mapping", "v", "~", comment, end of line, identifier, number, string, or whitespace but "}" found. Line: 26, Column: 1
file:///root/Documents/election/contracts/Election.sol
[Error - 11:38:44 AM] solium error: SyntaxError: An error occured while parsing the source code: Expected "!=", "%", "%=", "&", "&&", "&=", "(", "*", "*=", "+", "+=", ",", "-", "-=", ".", "/", "/=", ";", "<", "<<", "<<=", "<=", "=", "==", ">", ">=", ">>", ">>=", ">>>", "?", "[", "^", "^=", "|", "|=", "||", comment, end of line, or whitespace but "}" found. Line: 26, Column: 1
file:///root/Documents/election/contracts/Election.sol
[Error - 11:38:46 AM] solium error: SyntaxError: An error occured while parsing the source code: Expected "!=", "%", "%=", "&", "&&", "&=", "(", "*", "*=", "+", "+=", ",", "-", "-=", ".", "/", "/=", ";", "<", "<<", "<<=", "<=", "=", "==", ">", ">=", ">>", ">>=", ">>>", "?", "[", "^", "^=", "|", "|=", "||", comment, end of line, or whitespace but "}" found. Line: 26, Column: 1
file:///root/Documents/election/contracts/Election.sol
[Error - 11:38:49 AM] solium error: SyntaxError: An error occured while parsing the source code: Expected "!=", "%", "%=", "&", "&&", "&=", "(", "*", "*=", "+", "+=", ",", "-", "-=", ".", "/", "/=", ";", "<", "<<", "<<=", "<=", "=", "==", ">", ">=", ">>", ">>=", ">>>", "?", "[", "^", "^=", "|", "|=", "||", comment, end of line, or whitespace but "}" found. Line: 26, Column: 1
file:///root/Documents/election/contracts/Election.sol
[Error - 11:38:52 AM] solium error: SyntaxError: An error occured while parsing the source code: Expected "!=", "%", "%=", "&", "&&", "&=", "(", "*", "*=", "+", "+=", ",", "-", "-=", ".", "/", "/=", ";", "<", "<<", "<<=", "<=", "=", "==", ">", ">=", ">>", ">>=", ">>>", "?", "[", "^", "^=", "|", "|=", "||", comment, end of line, or whitespace but "}" found. Line: 26, Column: 1
file:///root/Documents/election/contracts/Election.sol
file:///root/Documents/election/contracts/Election.sol
file:///root/Documents/election/contracts/Election.sol
file:///root/Documents/election/contracts/Election.sol
file:///root/Documents/election/contracts/Election.sol
file:///root/Documents/election/contracts/Election.sol
file:///root/Documents/election/contracts/Election.sol
file:///root/Documents/election/contracts/Election.sol
file:///root/Documents/election/contracts/Election.sol
[Error - 11:40:42 AM] solium error: SyntaxError: An error occured while parsing the source code: Expected "!=", "%", "%=", "&", "&&", "&=", "*", "*=", "+", "++", "+=", ",", "-", "--", "-=", "/", "/*", "/=", ";", "<", "<<", "<<=", "<=", "=", "==", ">", ">=", ">>", ">>=", ">>>", "?", "^", "^=", "|", "|=", "||", comment, end of line, or whitespace but "[" found. Line: 27, Column: 15
file:///root/Documents/election/contracts/Election.sol
[Error - 11:41:32 AM] solium error: SyntaxError: An error occured while parsing the source code: Expected "!=", "%", "%=", "&", "&&", "&=", "*", "*=", "+", "++", "+=", ",", "-", "--", "-=", "/", "/*", "/=", ";", "<", "<<", "<<=", "<=", "=", "==", ">", ">=", ">>", ">>=", ">>>", "?", "^", "^=", "|", "|=", "||", comment, end of line, or whitespace but "[" found. Line: 28, Column: 15
file:///root/Documents/election/contracts/Election.sol
[Error - 11:41:34 AM] solium error: SyntaxError: An error occured while parsing the source code: Expected "!=", "%", "%=", "&", "&&", "&=", "*", "*=", "+", "++", "+=", ",", "-", "--", "-=", "/", "/*", "/=", ";", "<", "<<", "<<=", "<=", "=", "==", ">", ">=", ">>", ">>=", ">>>", "?", "^", "^=", "|", "|=", "||", comment, end of line, or whitespace but "[" found. Line: 28, Column: 15
file:///root/Documents/election/contracts/Election.sol
[Error - 11:41:36 AM] solium error: SyntaxError: An error occured while parsing the source code: Expected "!=", "%", "%=", "&", "&&", "&=", "*", "*=", "+", "++", "+=", ",", "-", "--", "-=", "/", "/*", "/=", ";", "<", "<<", "<<=", "<=", "=", "==", ">", ">=", ">>", ">>=", ">>>", "?", "^", "^=", "|", "|=", "||", comment, end of line, or whitespace but "[" found. Line: 28, Column: 15
file:///root/Documents/election/contracts/Election.sol
[Error - 11:41:40 AM] solium error: SyntaxError: An error occured while parsing the source code: Expected "!=", "%", "%=", "&", "&&", "&=", "*", "*=", "+", "++", "+=", ",", "-", "--", "-=", "/", "/*", "/=", ";", "<", "<<", "<<=", "<=", "=", "==", ">", ">=", ">>", ">>=", ">>>", "?", "^", "^=", "|", "|=", "||", comment, end of line, or whitespace but "[" found. Line: 28, Column: 15
file:///root/Documents/election/contracts/Election.sol
[Error - 11:41:42 AM] solium error: SyntaxError: An error occured while parsing the source code: Expected "!=", "%", "%=", "&", "&&", "&=", "*", "*=", "+", "++", "+=", ",", "-", "--", "-=", "/", "/*", "/=", ";", "<", "<<", "<<=", "<=", "=", "==", ">", ">=", ">>", ">>=", ">>>", "?", "^", "^=", "|", "|=", "||", comment, end of line, or whitespace but "[" found. Line: 28, Column: 15
file:///root/Documents/election/contracts/Election.sol
[Error - 11:41:44 AM] solium error: SyntaxError: An error occured while parsing the source code: Expected "!=", "%", "%=", "&", "&&", "&=", "*", "*=", "+", "++", "+=", ",", "-", "--", "-=", "/", "/*", "/=", ";", "<", "<<", "<<=", "<=", "=", "==", ">", ">=", ">>", ">>=", ">>>", "?", "^", "^=", "|", "|=", "||", comment, end of line, or whitespace but "[" found. Line: 28, Column: 15
file:///root/Documents/election/contracts/Election.sol
[Error - 11:41:46 AM] solium error: SyntaxError: An error occured while parsing the source code: Expected ";", "=", comment, end of line, or whitespace but "(" found. Line: 14, Column: 8
file:///root/Documents/election/contracts/Election.sol
[Error - 11:41:48 AM] solium error: SyntaxError: An error occured while parsing the source code: Expected ";", "=", comment, end of line, or whitespace but "(" found. Line: 14, Column: 8
file:///root/Documents/election/contracts/Election.sol
[Error - 11:41:49 AM] solium error: SyntaxError: An error occured while parsing the source code: Expected "address", "mapping", comment, end of line, identifier, or whitespace but ")" found. Line: 11, Column: 9
file:///root/Documents/election/contracts/Election.sol
[Error - 11:41:52 AM] solium error: SyntaxError: An error occured while parsing the source code: Expected ".", "=>", "[", comment, end of line, or whitespace but ")" found. Line: 11, Column: 15
file:///root/Documents/election/contracts/Election.sol
[Error - 11:41:54 AM] solium error: SyntaxError: An error occured while parsing the source code: Expected ".", "=>", "[", "payable", comment, end of line, or whitespace but "=" found. Line: 11, Column: 16
file:///root/Documents/election/contracts/Election.sol
[Error - 11:41:55 AM] solium error: SyntaxError: An error occured while parsing the source code: Expected "address", "mapping", comment, end of line, identifier, or whitespace but ")" found. Line: 11, Column: 18
file:///root/Documents/election/contracts/Election.sol
[Error - 11:41:58 AM] solium error: SyntaxError: An error occured while parsing the source code: Expected ";", "=", comment, end of line, or whitespace but "(" found. Line: 14, Column: 8
file:///root/Documents/election/contracts/Election.sol
[Error - 11:42:01 AM] solium error: SyntaxError: An error occured while parsing the source code: Expected ";", "=", comment, end of line, or whitespace but "m" found. Line: 14, Column: 1
file:///root/Documents/election/contracts/Election.sol
[Error - 11:42:03 AM] solium error: SyntaxError: An error occured while parsing the source code: Expected ";", "=", comment, end of line, or whitespace but "m" found. Line: 14, Column: 1
file:///root/Documents/election/contracts/Election.sol
[Error - 11:42:05 AM] solium error: SyntaxError: An error occured while parsing the source code: Expected "!=", "%", "%=", "&", "&&", "&=", "*", "*=", "+", "++", "+=", ",", "-", "--", "-=", "/", "/*", "/=", ";", "<", "<<", "<<=", "<=", "=", "==", ">", ">=", ">>", ">>=", ">>>", "?", "^", "^=", "|", "|=", "||", comment, end of line, or whitespace but "[" found. Line: 29, Column: 15
file:///root/Documents/election/contracts/Election.sol
file:///root/Documents/election/contracts/Election.sol
[Error - 11:42:51 AM] solium error: SyntaxError: An error occured while parsing the source code: Expected "!=", "%", "%=", "&", "&&", "&=", "*", "*=", "+", "++", "+=", ",", "-", "--", "-=", "/", "/*", "/=", ";", "<", "<<", "<<=", "<=", "=", "==", ">", ">=", ">>", ">>=", ">>>", "?", "^", "^=", "|", "|=", "||", comment, end of line, or whitespace but "[" found. Line: 29, Column: 15
file:///root/Documents/election/contracts/Election.sol
[Error - 11:42:52 AM] solium error: SyntaxError: An error occured while parsing the source code: Expected "!=", "%", "%=", "&", "&&", "&=", "*", "*=", "+", "++", "+=", ",", "-", "--", "-=", "/", "/*", "/=", ";", "<", "<<", "<<=", "<=", "=", "==", ">", ">=", ">>", ">>=", ">>>", "?", "^", "^=", "|", "|=", "||", comment, end of line, or whitespace but "[" found. Line: 29, Column: 15
file:///root/Documents/election/contracts/Election.sol
[Error - 11:42:54 AM] solium error: SyntaxError: An error occured while parsing the source code: Expected "!=", "%", "%=", "&", "&&", "&=", "*", "*=", "+", "++", "+=", ",", "-", "--", "-=", "/", "/*", "/=", ";", "<", "<<", "<<=", "<=", "=", "==", ">", ">=", ">>", ">>=", ">>>", "?", "^", "^=", "|", "|=", "||", comment, end of line, or whitespace but "[" found. Line: 29, Column: 15
file:///root/Documents/election/contracts/Election.sol
[Error - 11:42:56 AM] solium error: SyntaxError: An error occured while parsing the source code: Expected comment, end of line, identifier, or whitespace but "]" found. Line: 27, Column: 16
file:///root/Documents/election/contracts/Election.sol
[Error - 11:42:57 AM] solium error: SyntaxError: An error occured while parsing the source code: Expected "!=", "%", "%=", "&", "&&", "&=", "*", "*=", "+", "++", "+=", ",", "-", "--", "-=", "/", "/*", "/=", ";", "<", "<<", "<<=", "<=", "=", "==", ">", ">=", ">>", ">>=", ">>>", "?", "^", "^=", "|", "|=", "||", comment, end of line, or whitespace but "[" found. Line: 29, Column: 15
file:///root/Documents/election/contracts/Election.sol
[Error - 11:43:02 AM] solium error: SyntaxError: An error occured while parsing the source code: Expected "!=", "%", "%=", "&", "&&", "&=", "*", "*=", "+", "++", "+=", ",", "-", "--", "-=", "/", "/*", "/=", ";", "<", "<<", "<<=", "<=", "=", "==", ">", ">=", ">>", ">>=", ">>>", "?", "^", "^=", "|", "|=", "||", comment, end of line, or whitespace but "[" found. Line: 29, Column: 15
file:///root/Documents/election/contracts/Election.sol
[Error - 11:43:03 AM] solium error: SyntaxError: An error occured while parsing the source code: Expected "!=", "%", "%=", "&", "&&", "&=", "(", "*", "*=", "+", "+=", ",", "-", "-=", ".", "/", "/=", ";", "<", "<<", "<<=", "<=", "=", "==", ">", ">=", ">>", ">>=", ">>>", "?", "[", "^", "^=", "|", "|=", "||", comment, end of line, or whitespace but "c" found. Line: 29, Column: 5
file:///root/Documents/election/contracts/Election.sol
file:///root/Documents/election/contracts/Election.sol
file:///root/Documents/election/contracts/Election.sol
file:///root/Documents/election/contracts/Election.sol
file:///root/Documents/election/contracts/Election.sol
file:///root/Documents/election/contracts/Election.sol
file:///root/Documents/election/contracts/Election.sol
file:///root/Documents/election/contracts/Election.sol
file:///root/Documents/election/contracts/Election.sol
file:///root/Documents/election/contracts/Election.sol
[Error - 1:22:18 PM] solium error: SyntaxError: An error occured while parsing the source code: Expected "!", "!=", "(", "+", "++", ",", "-", "--", ";", "<", "<=", "==", ">", ">=", "[", "^", "_", "address", "assembly", "emit", "mapping", "using", "v", "var", "{", "}", "~", comment, end of line, identifier, number, string, or whitespace but "?" found. Line: 27, Column: 5
file:///root/Documents/election/contracts/Election.sol
file:///root/Documents/election/contracts/Election.sol
file:///root/Documents/election/contracts/Election.sol
file:///root/Documents/election/contracts/Election.sol
file:///root/Documents/election/contracts/Election.sol
file:///root/Documents/election/contracts/Election.sol
file:///root/Documents/election/contracts/Election.sol
file:///root/Documents/election/contracts/Election.sol
[Error - 1:22:41 PM] solium error: SyntaxError: An error occured while parsing the source code: Expected "!=", "%", "%=", "&", "&&", "&=", "*", "*=", "+", "++", "+=", ",", "-", "--", "-=", "/", "/*", "/=", ";", "<", "<<", "<<=", "<=", "=", "==", ">", ">=", ">>", ">>=", ">>>", "?", "^", "^=", "|", "|=", "||", comment, end of line, or whitespace but "[" found. Line: 30, Column: 11
file:///root/Documents/election/contracts/Election.sol
[Error - 1:22:43 PM] solium error: SyntaxError: An error occured while parsing the source code: Expected "!=", "%", "%=", "&", "&&", "&=", "(", "*", "*=", "+", "+=", ",", "-", "-=", ".", "/", "/=", ";", "<", "<<", "<<=", "<=", "=", "==", ">", ">=", ">>", ">>=", ">>>", "?", "[", "^", "^=", "|", "|=", "||", comment, end of line, or whitespace but "v" found. Line: 30, Column: 5
file:///root/Documents/election/contracts/Election.sol
file:///root/Documents/election/contracts/Election.sol
file:///root/Documents/election/contracts/Election.sol
file:///root/Documents/election/contracts/Election.sol
[Error - 1:23:33 PM] solium error: SyntaxError: An error occured while parsing the source code: Expected comment, end of line, identifier, or whitespace but "]" found. Line: 27, Column: 24
file:///root/Documents/election/contracts/Election.sol
file:///root/Documents/election/contracts/Election.sol
file:///root/Documents/election/contracts/Election.sol
file:///root/Documents/election/contracts/Election.sol
[Error - 1:24:46 PM] solium error: SyntaxError: An error occured while parsing the source code: Expected "!=", "%", "%=", "&", "&&", "&=", "*", "*=", "+", "++", "+=", ",", "-", "--", "-=", "/", "/*", "/=", ";", "<", "<<", "<<=", "<=", "=", "==", ">", ">=", ">>", ">>=", ">>>", "?", "^", "^=", "|", "|=", "||", comment, end of line, or whitespace but "[" found. Line: 31, Column: 11
file:///root/Documents/election/contracts/Election.sol
[Error - 1:24:48 PM] solium error: SyntaxError: An error occured while parsing the source code: Expected "!=", "%", "%=", "&", "&&", "&=", "(", "*", "*=", "+", "+=", ",", "-", "-=", ".", "/", "/=", ";", "<", "<<", "<<=", "<=", "=", "==", ">", ">=", ">>", ">>=", ">>>", "?", "[", "^", "^=", "|", "|=", "||", comment, end of line, or whitespace but "v" found. Line: 31, Column: 5
file:///root/Documents/election/contracts/Election.sol
file:///root/Documents/election/contracts/Election.sol
file:///root/Documents/election/contracts/Election.sol
file:///root/Documents/election/contracts/Election.sol
file:///root/Documents/election/contracts/Election.sol
file:///root/Documents/election/contracts/Election.sol
file:///root/Documents/election/contracts/Election.sol
[Error - 1:25:11 PM] solium error: SyntaxError: An error occured while parsing the source code: Expected "!", "!=", "(", "+", "++", "-", "--", "<", "<=", "==", ">", ">=", "[", "^", "address", "mapping", "v", "~", comment, end of line, identifier, number, string, or whitespace but ")" found. Line: 29, Column: 31
file:///root/Documents/election/contracts/Election.sol
file:///root/Documents/election/contracts/Election.sol
file:///root/Documents/election/contracts/Election.sol
file:///root/Documents/election/contracts/Election.sol
file:///root/Documents/election/contracts/Election.sol
file:///root/Documents/election/contracts/Election.sol
file:///root/Documents/election/contracts/Election.sol
file:///root/Documents/election/contracts/Election.sol
[Error - 1:25:30 PM] solium error: SyntaxError: An error occured while parsing the source code: Expected "!", "!=", "(", "+", "++", "-", "--", "<", "<=", "==", ">", ">=", "[", "^", "address", "mapping", "v", "~", comment, end of line, identifier, number, string, or whitespace but ")" found. Line: 29, Column: 47
file:///root/Documents/election/contracts/Election.sol
file:///root/Documents/election/contracts/Election.sol
file:///root/Documents/election/contracts/Election.sol
[Error - 1:25:40 PM] solium error: SyntaxError: An error occured while parsing the source code: Expected "!", "!=", "(", "+", "++", "-", "--", "<", "<=", "==", ">", ">=", "[", "^", "address", "mapping", "v", "~", comment, end of line, identifier, number, string, or whitespace but ")" found. Line: 29, Column: 48
file:///root/Documents/election/contracts/Election.sol
file:///root/Documents/election/contracts/Election.sol
file:///root/Documents/election/contracts/Election.sol
file:///root/Documents/election/contracts/Election.sol
[Error - 1:25:56 PM] solium error: SyntaxError: An error occured while parsing the source code: Expected "!=", "%", "&", "&&", "(", ")", "*", "+", "++", ",", "-", "--", ".", "/", "/*", "<", "<<", "<=", "==", ">", ">=", ">>", ">>>", "?", "[", "^", "calldata", "memory", "storage", "|", "||", comment, end of line, identifier, or whitespace but ";" found. Line: 29, Column: 58
file:///root/Documents/election/contracts/Election.sol
[Error - 1:26:01 PM] solium error: SyntaxError: An error occured while parsing the source code: Expected "!=", "%", "&", "&&", "(", ")", "*", "+", "++", ",", "-", "--", ".", "/", "/*", "<", "<<", "<=", "==", ">", ">=", ">>", ">>>", "?", "[", "^", "calldata", "memory", "storage", "|", "||", comment, end of line, identifier, or whitespace but ";" found. Line: 29, Column: 61
file:///root/Documents/election/contracts/Election.sol
[Error - 1:26:03 PM] solium error: SyntaxError: An error occured while parsing the source code: Expected "!=", "%", "&", "&&", "(", ")", "*", "+", "++", ",", "-", "--", ".", "/", "/*", "<", "<<", "<=", "==", ">", ">=", ">>", ">>>", "?", "[", "^", "calldata", "memory", "storage", "|", "||", comment, end of line, identifier, or whitespace but ";" found. Line: 29, Column: 63
file:///root/Documents/election/contracts/Election.sol
file:///root/Documents/election/contracts/Election.sol
file:///root/Documents/election/contracts/Election.sol
[Error - 11:51:35 AM] solium error: SyntaxError: An error occured while parsing the source code: Expected ";", "=", comment, end of line, or whitespace but "(" found. Line: 18, Column: 13
file:///root/Documents/election/contracts/Election.sol
[Error - 11:51:37 AM] solium error: SyntaxError: An error occured while parsing the source code: Expected ";", "anonymous", comment, end of line, or whitespace but "p" found. Line: 18, Column: 16
file:///root/Documents/election/contracts/Election.sol
[Error - 11:51:39 AM] solium error: SyntaxError: An error occured while parsing the source code: Expected "(", ";", "=", comment, end of line, or whitespace but "c" found. Line: 18, Column: 1
file:///root/Documents/election/contracts/Election.sol
[Error - 11:51:41 AM] solium error: SyntaxError: An error occured while parsing the source code: Expected "(", ";", "=", comment, end of line, or whitespace but "c" found. Line: 18, Column: 1
file:///root/Documents/election/contracts/Election.sol
[Error - 11:51:44 AM] solium error: SyntaxError: An error occured while parsing the source code: Expected ";", "anonymous", comment, end of line, or whitespace but "c" found. Line: 18, Column: 1
file:///root/Documents/election/contracts/Election.sol
[Error - 11:51:47 AM] solium error: SyntaxError: An error occured while parsing the source code: Expected ";", "anonymous", comment, end of line, or whitespace but "c" found. Line: 18, Column: 1
file:///root/Documents/election/contracts/Election.sol
[Error - 11:51:50 AM] solium error: SyntaxError: An error occured while parsing the source code: Expected ";", "anonymous", comment, end of line, or whitespace but "c" found. Line: 18, Column: 1
file:///root/Documents/election/contracts/Election.sol
[Error - 11:51:51 AM] solium error: SyntaxError: An error occured while parsing the source code: Expected ";", "anonymous", comment, end of line, or whitespace but "c" found. Line: 18, Column: 1
file:///root/Documents/election/contracts/Election.sol
[Error - 11:51:55 AM] solium error: SyntaxError: An error occured while parsing the source code: Expected ";", "anonymous", comment, end of line, or whitespace but "c" found. Line: 18, Column: 1
file:///root/Documents/election/contracts/Election.sol
[Error - 11:52:20 AM] solium error: SyntaxError: An error occured while parsing the source code: Expected ";", "anonymous", comment, end of line, or whitespace but "c" found. Line: 17, Column: 33
file:///root/Documents/election/contracts/Election.sol
[Error - 11:52:22 AM] solium error: SyntaxError: An error occured while parsing the source code: Expected ";", "anonymous", comment, end of line, or whitespace but "c" found. Line: 17, Column: 33
file:///root/Documents/election/contracts/Election.sol
[Error - 11:52:25 AM] solium error: SyntaxError: An error occured while parsing the source code: Expected ";", "anonymous", comment, end of line, or whitespace but "c" found. Line: 17, Column: 33
file:///root/Documents/election/contracts/Election.sol
[Error - 11:52:28 AM] solium error: SyntaxError: An error occured while parsing the source code: Expected ";", "anonymous", comment, end of line, or whitespace but "c" found. Line: 18, Column: 1
file:///root/Documents/election/contracts/Election.sol
[Error - 11:52:29 AM] solium error: SyntaxError: An error occured while parsing the source code: Expected ";", "anonymous", comment, end of line, or whitespace but "c" found. Line: 18, Column: 1
file:///root/Documents/election/contracts/Election.sol
[Error - 11:52:31 AM] solium error: SyntaxError: An error occured while parsing the source code: Expected ";", "anonymous", comment, end of line, or whitespace but "c" found. Line: 18, Column: 1
file:///root/Documents/election/contracts/Election.sol
file:///root/Documents/election/contracts/Election.sol
file:///root/Documents/election/contracts/Election.sol
[Error - 11:52:56 AM] solium error: SyntaxError: An error occured while parsing the source code: Expected "!=", "%", "%=", "&", "&&", "&=", "(", "*", "*=", "+", "+=", ",", "-", "-=", ".", "/", "/=", ";", "<", "<<", "<<=", "<=", "=", "==", ">", ">=", ">>", ">>=", ">>>", "?", "[", "^", "^=", "calldata", "memory", "storage", "|", "|=", "||", comment, end of line, identifier, or whitespace but "}" found. Line: 37, Column: 1
file:///root/Documents/election/contracts/Election.sol
[Error - 11:52:57 AM] solium error: SyntaxError: An error occured while parsing the source code: Expected "!=", "%", "%=", "&", "&&", "&=", "(", "*", "*=", "+", "+=", ",", "-", "-=", ".", "/", "/=", ";", "<", "<<", "<<=", "<=", "=", "==", ">", ">=", ">>", ">>=", ">>>", "?", "[", "^", "^=", "calldata", "memory", "storage", "|", "|=", "||", comment, end of line, identifier, or whitespace but "}" found. Line: 37, Column: 1
file:///root/Documents/election/contracts/Election.sol
[Error - 11:52:59 AM] solium error: SyntaxError: An error occured while parsing the source code: Expected "!=", "%", "%=", "&", "&&", "&=", "(", "*", "*=", "+", "+=", ",", "-", "-=", ".", "/", "/=", ";", "<", "<<", "<<=", "<=", "=", "==", ">", ">=", ">>", ">>=", ">>>", "?", "[", "^", "^=", "calldata", "memory", "storage", "v", "|", "|=", "||", "~", comment, end of line, identifier, number, string, or whitespace but "}" found. Line: 37, Column: 1
file:///root/Documents/election/contracts/Election.sol
[Error - 11:53:02 AM] solium error: SyntaxError: An error occured while parsing the source code: Expected "!=", "%", "%=", "&", "&&", "&=", "(", "*", "*=", "+", "+=", ",", "-", "-=", ".", "/", "/=", ";", "<", "<<", "<<=", "<=", "=", "==", ">", ">=", ">>", ">>=", ">>>", "?", "[", "^", "^=", "|", "|=", "||", comment, end of line, or whitespace but "}" found. Line: 37, Column: 1
file:///root/Documents/election/contracts/Election.sol
[Error - 11:53:04 AM] solium error: SyntaxError: An error occured while parsing the source code: Expected "!=", "%", "%=", "&", "&&", "&=", "(", "*", "*=", "+", "+=", ",", "-", "-=", ".", "/", "/=", ";", "<", "<<", "<<=", "<=", "=", "==", ">", ">=", ">>", ">>=", ">>>", "?", "[", "^", "^=", "|", "|=", "||", comment, end of line, or whitespace but "}" found. Line: 37, Column: 1
file:///root/Documents/election/contracts/Election.sol
[Error - 11:53:07 AM] solium error: SyntaxError: An error occured while parsing the source code: Expected "(", ".", ";", "[", comment, end of line, or whitespace but "}" found. Line: 37, Column: 1
file:///root/Documents/election/contracts/Election.sol
[Error - 11:53:08 AM] solium error: SyntaxError: An error occured while parsing the source code: Expected "(", ".", ";", "[", comment, end of line, or whitespace but "}" found. Line: 37, Column: 1
file:///root/Documents/election/contracts/Election.sol
[Error - 11:53:10 AM] solium error: SyntaxError: An error occured while parsing the source code: Expected "(", ".", ";", "[", comment, end of line, or whitespace but "}" found. Line: 37, Column: 1
file:///root/Documents/election/contracts/Election.sol
[Error - 11:53:11 AM] solium error: SyntaxError: An error occured while parsing the source code: Expected "(", ".", ";", "[", comment, end of line, or whitespace but "}" found. Line: 37, Column: 1
file:///root/Documents/election/contracts/Election.sol
[Error - 11:53:22 AM] solium error: SyntaxError: An error occured while parsing the source code: Expected "(", ".", ";", "[", comment, end of line, or whitespace but "}" found. Line: 37, Column: 1
file:///root/Documents/election/contracts/Election.sol
file:///root/Documents/election/contracts/Election.sol
